timestamp: 2023-11-07T10:10:24.326661
CREATE TABLE `u_task_group`(
    `id` INT AUTO_INCREMENT NOT NULL,
    `cid` VARCHAR(20),
    `group_name` VARCHAR(200),
    `group_description` VARCHAR(200),
    `status` INTEGER,
    `field1` VARCHAR(100),
    `field2` INTEGER,
    `note` VARCHAR(255),
    `created_on` DATETIME,
    `created_by` VARCHAR(512),
    `updated_on` DATETIME,
    `updated_by` VARCHAR(512),
    PRIMARY KEY (`id`)
) ENGINE=InnoDB CHARACTER SET utf8;
timestamp: 2023-11-07T11:45:45.135991
CREATE TABLE `users`(
    `id` INT AUTO_INCREMENT NOT NULL,
    `cid` VARCHAR(20),
    `user_id` VARCHAR(20) UNIQUE,
    `first_name` VARCHAR(100),
    `last_name` VARCHAR(100),
    `full_name` VARCHAR(200),
    `email` VARCHAR(100) UNIQUE,
    `mobile` VARCHAR(20),
    `password` VARCHAR(20),
    `gender` VARCHAR(10),
    `location` VARCHAR(100),
    `user_type` VARCHAR(20),
    `image_path` VARCHAR(200),
    `emp_role` VARCHAR(50),
    `status` INTEGER,
    `device_id` VARCHAR(100),
    `sync_code` INTEGER,
    `app_version` VARCHAR(50),
    `otp_token` INTEGER,
    `token_expire_time` DATETIME,
    `otp_status` INTEGER,
    `field1` VARCHAR(100),
    `field2` INTEGER,
    `note` VARCHAR(255),
    `created_on` DATETIME,
    `created_by` VARCHAR(512),
    `updated_on` DATETIME,
    `updated_by` VARCHAR(512),
    PRIMARY KEY (`id`)
) ENGINE=InnoDB CHARACTER SET utf8;
success!
timestamp: 2025-07-15T10:30:47.150645
CREATE TABLE `business_units`(
    `id` INT AUTO_INCREMENT NOT NULL,
    `sbu_prefix` VARCHAR(20),
    `sbu_name` VARCHAR(20),
    `sbu_full_name` VARCHAR(100),
    `sbu_location` VARCHAR(50),
    `status` INTEGER,
    `field1` VARCHAR(100),
    `field2` INTEGER,
    `note` VARCHAR(255),
    `created_on` DATETIME,
    `created_by` VARCHAR(512),
    `updated_on` DATETIME,
    `updated_by` VARCHAR(512),
    PRIMARY KEY (`id`)
) ENGINE=InnoDB CHARACTER SET utf8;
timestamp: 2025-07-15T10:31:21.253434
CREATE TABLE `business_units`(
    `id` INT AUTO_INCREMENT NOT NULL,
    `sbu_prefix` VARCHAR(20),
    `sbu_name` VARCHAR(20),
    `sbu_full_name` VARCHAR(100),
    `sbu_location` VARCHAR(50),
    `status` INTEGER,
    `field1` VARCHAR(100),
    `field2` INTEGER,
    `note` VARCHAR(255),
    `created_on` DATETIME,
    `created_by` VARCHAR(512),
    `updated_on` DATETIME,
    `updated_by` VARCHAR(512),
    PRIMARY KEY (`id`)
) ENGINE=InnoDB CHARACTER SET utf8;
success!
timestamp: 2025-07-15T10:31:21.737835
CREATE TABLE `projects`(
    `id` INT AUTO_INCREMENT NOT NULL,
    `cid` VARCHAR(20),
    `project_id` VARCHAR(20),
    `project_name` VARCHAR(100),
    `project_description` VARCHAR(200),
    `status` INTEGER,
    `field1` VARCHAR(100),
    `field2` INTEGER,
    `note` VARCHAR(255),
    `created_on` DATETIME,
    `created_by` VARCHAR(512),
    `updated_on` DATETIME,
    `updated_by` VARCHAR(512),
    PRIMARY KEY (`id`)
) ENGINE=InnoDB CHARACTER SET utf8;
success!
timestamp: 2025-07-15T10:31:21.852726
CREATE TABLE `u_task_group`(
    `id` INT AUTO_INCREMENT NOT NULL,
    `cid` VARCHAR(20),
    `pid` VARCHAR(20),
    `group_name` VARCHAR(200),
    `group_description` VARCHAR(200),
    `status` INTEGER,
    `field1` VARCHAR(100),
    `field2` INTEGER,
    `note` VARCHAR(255),
    `created_on` DATETIME,
    `created_by` VARCHAR(512),
    `updated_on` DATETIME,
    `updated_by` VARCHAR(512),
    PRIMARY KEY (`id`)
) ENGINE=InnoDB CHARACTER SET utf8;
success!
timestamp: 2025-07-15T10:31:21.973243
CREATE TABLE `u_tasks`(
    `id` INT AUTO_INCREMENT NOT NULL,
    `cid` VARCHAR(20),
    `pid` VARCHAR(20),
    `task_name` VARCHAR(200),
    `task_description` VARCHAR(200),
    `group_id` VARCHAR(20),
    `group_name` VARCHAR(100),
    `status` INTEGER,
    `field1` VARCHAR(100),
    `field2` INTEGER,
    `note` VARCHAR(255),
    `created_on` DATETIME,
    `created_by` VARCHAR(512),
    `updated_on` DATETIME,
    `updated_by` VARCHAR(512),
    PRIMARY KEY (`id`)
) ENGINE=InnoDB CHARACTER SET utf8;
success!
timestamp: 2025-07-15T10:31:22.070121
CREATE TABLE `u_roles`(
    `id` INT AUTO_INCREMENT NOT NULL,
    `cid` VARCHAR(20),
    `pid` VARCHAR(20),
    `role_name` VARCHAR(200),
    `role_description` VARCHAR(200),
    `status` INTEGER,
    `field1` VARCHAR(100),
    `field2` INTEGER,
    `note` VARCHAR(255),
    `created_on` DATETIME,
    `created_by` VARCHAR(512),
    `updated_on` DATETIME,
    `updated_by` VARCHAR(512),
    PRIMARY KEY (`id`)
) ENGINE=InnoDB CHARACTER SET utf8;
success!
timestamp: 2025-07-15T10:31:22.231609
CREATE TABLE `u_role_has_tasks`(
    `id` INT AUTO_INCREMENT NOT NULL,
    `cid` VARCHAR(20),
    `pid` VARCHAR(20),
    `role_id` VARCHAR(20),
    `role_name` VARCHAR(100),
    `task_id` VARCHAR(20),
    `task_name` VARCHAR(200),
    `group_id` VARCHAR(20),
    `group_name` VARCHAR(100),
    `status` INTEGER,
    `field1` VARCHAR(100),
    `field2` INTEGER,
    `note` VARCHAR(255),
    `created_on` DATETIME,
    `created_by` VARCHAR(512),
    `updated_on` DATETIME,
    `updated_by` VARCHAR(512),
    PRIMARY KEY (`id`)
) ENGINE=InnoDB CHARACTER SET utf8;
success!
timestamp: 2025-07-15T10:31:22.337668
CREATE TABLE `users`(
    `id` INT AUTO_INCREMENT NOT NULL,
    `cid` VARCHAR(20),
    `user_id` VARCHAR(20) UNIQUE,
    `first_name` VARCHAR(100),
    `last_name` VARCHAR(100),
    `full_name` VARCHAR(200),
    `email` VARCHAR(100) UNIQUE,
    `mobile` VARCHAR(20),
    `password` VARCHAR(256),
    `gender` VARCHAR(10),
    `location` VARCHAR(100),
    `user_type` VARCHAR(20),
    `image_path` VARCHAR(200),
    `role_id` VARCHAR(10),
    `user_role` VARCHAR(100),
    `status` INTEGER,
    `device_id` VARCHAR(100),
    `sync_code` INTEGER,
    `app_version` VARCHAR(50),
    `otp_token` INTEGER,
    `token_expire_time` DATETIME,
    `otp_status` INTEGER,
    `field1` VARCHAR(100),
    `field2` INTEGER,
    `note` VARCHAR(255),
    `created_on` DATETIME,
    `created_by` VARCHAR(512),
    `updated_on` DATETIME,
    `updated_by` VARCHAR(512),
    PRIMARY KEY (`id`)
) ENGINE=InnoDB CHARACTER SET utf8;
success!
